Using pre-set license
Built from '2020.3/staging' branch; Version is '2020.3.21f1 (a38c86f6690f) revision 10718342'; Using compiler version '192528614'; Build Type 'Release'
OS: 'Windows 10 Pro; OS build 19043.1526; Version 2009; 64bit' Language: 'ru' Physical Memory: 16335 MB
BatchMode: 1, IsHumanControllingUs: 0, StartBugReporterOnCrash: 0, Is64bit: 1, IsPro: 0

COMMAND LINE ARGUMENTS:
C:\Program Files\Unity\Hub\Editor\2020.3.21f1\Editor\Unity.exe
-adb2
-batchMode
-noUpm
-name
AssetImportWorker0
-projectPath
D:/Unity Projects/TowerDefense
-logFile
Logs/AssetImportWorker0.log
-srvPort
63055
Successfully changed project path to: D:/Unity Projects/TowerDefense
D:/Unity Projects/TowerDefense
Using Asset Import Pipeline V2.
Refreshing native plugins compatible for Editor in 71.45 ms, found 3 plugins.
Preloading 0 native plugins for Editor in 0.00 ms.
Initialize engine version: 2020.3.21f1 (a38c86f6690f)
[Subsystems] Discovering subsystems at path C:/Program Files/Unity/Hub/Editor/2020.3.21f1/Editor/Data/Resources/UnitySubsystems
[Subsystems] Discovering subsystems at path D:/Unity Projects/TowerDefense/Assets
GfxDevice: creating device client; threaded=0
Direct3D:
    Version:  Direct3D 11.0 [level 11.1]
    Renderer: NVIDIA GeForce RTX 3050 (ID=0x2507)
    Vendor:   
    VRAM:     8070 MB
    Driver:   30.0.15.1132
Initialize mono
Mono path[0] = 'C:/Program Files/Unity/Hub/Editor/2020.3.21f1/Editor/Data/Managed'
Mono path[1] = 'C:/Program Files/Unity/Hub/Editor/2020.3.21f1/Editor/Data/MonoBleedingEdge/lib/mono/unityjit'
Mono config path = 'C:/Program Files/Unity/Hub/Editor/2020.3.21f1/Editor/Data/MonoBleedingEdge/etc'
Using monoOptions --debugger-agent=transport=dt_socket,embedding=1,server=y,suspend=n,address=127.0.0.1:56464
Begin MonoManager ReloadAssembly
Registering precompiled unity dll's ...
Register platform support module: C:/Program Files/Unity/Hub/Editor/2020.3.21f1/Editor/Data/PlaybackEngines/WindowsStandaloneSupport/UnityEditor.WindowsStandalone.Extensions.dll
Registered in 0.003895 seconds.
Native extension for WindowsStandalone target not found
Refreshing native plugins compatible for Editor in 71.43 ms, found 3 plugins.
Preloading 0 native plugins for Editor in 0.00 ms.
Mono: successfully reloaded assembly
- Completed reload, in  4.051 seconds
Domain Reload Profiling:
	ReloadAssembly (4052ms)
		BeginReloadAssembly (89ms)
			ExecutionOrderSort (0ms)
			DisableScriptedObjects (0ms)
			BackupInstance (0ms)
			ReleaseScriptingObjects (0ms)
			CreateAndSetChildDomain (1ms)
		EndReloadAssembly (835ms)
			LoadAssemblies (85ms)
			RebuildTransferFunctionScriptingTraits (1ms)
			SetupTypeCache (236ms)
			ReleaseScriptCaches (0ms)
			RebuildScriptCaches (54ms)
			SetupLoadedEditorAssemblies (384ms)
				LogAssemblyErrors (0ms)
				InitializePlatformSupportModulesInManaged (6ms)
				SetLoadedEditorAssemblies (0ms)
				RefreshPlugins (72ms)
				BeforeProcessingInitializeOnLoad (28ms)
				ProcessInitializeOnLoadAttributes (148ms)
				ProcessInitializeOnLoadMethodAttributes (128ms)
				AfterProcessingInitializeOnLoad (0ms)
				EditorAssembliesLoaded (1ms)
			ExecutionOrderSort2 (0ms)
			AwakeInstancesAfterBackupRestoration (0ms)
Platform modules already initialized, skipping
Registering precompiled user dll's ...
Registered in 0.004779 seconds.
Begin MonoManager ReloadAssembly
Native extension for WindowsStandalone target not found
Refreshing native plugins compatible for Editor in 61.08 ms, found 3 plugins.
Preloading 0 native plugins for Editor in 0.00 ms.
Mono: successfully reloaded assembly
- Completed reload, in  1.687 seconds
Domain Reload Profiling:
	ReloadAssembly (1688ms)
		BeginReloadAssembly (206ms)
			ExecutionOrderSort (0ms)
			DisableScriptedObjects (7ms)
			BackupInstance (0ms)
			ReleaseScriptingObjects (0ms)
			CreateAndSetChildDomain (31ms)
		EndReloadAssembly (1391ms)
			LoadAssemblies (129ms)
			RebuildTransferFunctionScriptingTraits (0ms)
			SetupTypeCache (445ms)
			ReleaseScriptCaches (1ms)
			RebuildScriptCaches (94ms)
			SetupLoadedEditorAssemblies (546ms)
				LogAssemblyErrors (0ms)
				InitializePlatformSupportModulesInManaged (5ms)
				SetLoadedEditorAssemblies (0ms)
				RefreshPlugins (61ms)
				BeforeProcessingInitializeOnLoad (122ms)
				ProcessInitializeOnLoadAttributes (316ms)
				ProcessInitializeOnLoadMethodAttributes (29ms)
				AfterProcessingInitializeOnLoad (12ms)
				EditorAssembliesLoaded (0ms)
			ExecutionOrderSort2 (0ms)
			AwakeInstancesAfterBackupRestoration (9ms)
Platform modules already initialized, skipping
========================================================================
Worker process is ready to serve import requests
Launched and connected shader compiler UnityShaderCompiler.exe after 0.12 seconds
Refreshing native plugins compatible for Editor in 0.88 ms, found 3 plugins.
Preloading 0 native plugins for Editor in 0.00 ms.
Unloading 2239 Unused Serialized files (Serialized files now loaded: 0)
System memory in use before: 116.7 MB.
System memory in use after: 116.8 MB.

Unloading 28 unused Assets to reduce memory usage. Loaded Objects now: 2694.
Total: 4.679900 ms (FindLiveObjects: 0.468200 ms CreateObjectMapping: 0.090100 ms MarkObjects: 3.973200 ms  DeleteObjects: 0.145800 ms)

AssetImportParameters requested are different than current active one (requested -> active):
  custom:framework-win-MediaFoundation: 216162199b28c13a410421893ffa2e32 -> 
  custom:video-decoder-ogg-theora: a1e56fd34408186e4bbccfd4996cb3dc -> 
  custom:container-muxer-webm: aa71ff27fc2769a1b78a27578f13a17b -> 
  custom:container-demuxer-webm: 4f35f7cbe854078d1ac9338744f61a02 -> 
  custom:container-demuxer-ogg: 62fdf1f143b41e24485cea50d1cbac27 -> 
  custom:video-encoder-webm-vp8: eb34c28f22e8b96e1ab97ce403110664 -> 
  custom:video-decoder-webm-vp8: 9c59270c3fd7afecdb556c50c9e8de78 -> 
  custom:audio-decoder-ogg-vorbis: bf7c407c2cedff20999df2af8eb42d56 -> 
  custom:audio-encoder-webm-vorbis: bf7c407c2cedff20999df2af8eb42d56 -> 
========================================================================
Received Import Request.
  path: Assets/Scripts/TDProjectile.cs
  artifactKey: Guid(36fc50766b4ee5f4eba59133700f25e2) Importer(815301076,1909f56bfc062723c751e8b465ee728b)
Start importing Assets/Scripts/TDProjectile.cs using Guid(36fc50766b4ee5f4eba59133700f25e2) Importer(815301076,1909f56bfc062723c751e8b465ee728b)  -> (artifact id: 'bb6fcd28bc53f5055367136db9d23dd5') in 0.076785 seconds 
  Import took 0.118232 seconds .

========================================================================
Received Import Request.
  Time since last request: 0.000321 seconds.
  path: Assets/Scripts/TowerBuyController.cs
  artifactKey: Guid(92ee9aec542b1e94bb648983400bdc7d) Importer(815301076,1909f56bfc062723c751e8b465ee728b)
Start importing Assets/Scripts/TowerBuyController.cs using Guid(92ee9aec542b1e94bb648983400bdc7d) Importer(815301076,1909f56bfc062723c751e8b465ee728b)  -> (artifact id: 'b9f5c6761d56ca0355d3be53e0038f6e') in 0.007828 seconds 
  Import took 0.013548 seconds .

========================================================================
Received Import Request.
  Time since last request: 0.000241 seconds.
  path: Assets/Scripts/EnemyWaveManager.cs
  artifactKey: Guid(51f28f9f28cad3843b8670d7c9fb5342) Importer(815301076,1909f56bfc062723c751e8b465ee728b)
Start importing Assets/Scripts/EnemyWaveManager.cs using Guid(51f28f9f28cad3843b8670d7c9fb5342) Importer(815301076,1909f56bfc062723c751e8b465ee728b)  -> (artifact id: '3c01d19c6d337e32d819c5a2bada2499') in 0.006669 seconds 
  Import took 0.017114 seconds .

========================================================================
Received Import Request.
  Time since last request: 5.118324 seconds.
  path: Assets/Scripts/SpaceShip.cs
  artifactKey: Guid(b6330c566f8dc8a4da8dd6be83618e04) Importer(815301076,1909f56bfc062723c751e8b465ee728b)
Start importing Assets/Scripts/SpaceShip.cs using Guid(b6330c566f8dc8a4da8dd6be83618e04) Importer(815301076,1909f56bfc062723c751e8b465ee728b)  -> (artifact id: '180d95229681f3407a9f1e42a5258fb2') in 0.007255 seconds 
  Import took 0.020622 seconds .

========================================================================
Received Import Request.
  Time since last request: 0.485599 seconds.
  path: Assets/Scripts/LevelDisplayController.cs
  artifactKey: Guid(f8fe077ba986b374a86bbdb589d800c4) Importer(815301076,1909f56bfc062723c751e8b465ee728b)
Start importing Assets/Scripts/LevelDisplayController.cs using Guid(f8fe077ba986b374a86bbdb589d800c4) Importer(815301076,1909f56bfc062723c751e8b465ee728b)  -> (artifact id: '372802c6358cde3e8bba2b8bea16ada0') in 0.008478 seconds 
  Import took 0.013370 seconds .

========================================================================
Received Import Request.
  Time since last request: 1.789039 seconds.
  path: Assets/Scripts/MainMenu.cs
  artifactKey: Guid(7630cd4302e2b66418183db4767dcacd) Importer(815301076,1909f56bfc062723c751e8b465ee728b)
Start importing Assets/Scripts/MainMenu.cs using Guid(7630cd4302e2b66418183db4767dcacd) Importer(815301076,1909f56bfc062723c751e8b465ee728b)  -> (artifact id: '6c45ddc299dd979a9168cb9204b43036') in 0.007793 seconds 
  Import took 0.041994 seconds .

========================================================================
Received Import Request.
  Time since last request: 0.868557 seconds.
  path: Assets/Scripts/NullBuildSite.cs
  artifactKey: Guid(3144b7c4b78ca8e4299f4ef27f520757) Importer(815301076,1909f56bfc062723c751e8b465ee728b)
Start importing Assets/Scripts/NullBuildSite.cs using Guid(3144b7c4b78ca8e4299f4ef27f520757) Importer(815301076,1909f56bfc062723c751e8b465ee728b)  -> (artifact id: 'd46fe974a1e3195905caa2b99922f2c6') in 0.010706 seconds 
  Import took 0.040224 seconds .

========================================================================
Received Import Request.
  Time since last request: 12.052647 seconds.
  path: Assets/Scripts/BuyControl.cs
  artifactKey: Guid(31ff977aef7029b4bb46166d6be17bef) Importer(815301076,1909f56bfc062723c751e8b465ee728b)
Start importing Assets/Scripts/BuyControl.cs using Guid(31ff977aef7029b4bb46166d6be17bef) Importer(815301076,1909f56bfc062723c751e8b465ee728b)  -> (artifact id: 'c3c8bf9764336c691b60537ca64af8fa') in 0.005339 seconds 
  Import took 0.010508 seconds .

AssetImportWorkerClient::OnTransportError - code=2 error=End of file
